Running tests ...
[1A[KRunning 23 tests in 1 runtime ...
[1A[K[1m[32mRunning 23 tests in 1 runtime ... 43% done[0m
[1A[K[1m[32mRunning 23 tests in 1 runtime ... 43% done[0m
[1A[K[1m[32mRunning 23 tests in 1 runtime ... 43% done[0m
[1A[K[1m[32mRunning 23 tests in 1 runtime ... 48% done[0m
[1A[K[1m[32mRunning 23 tests in 1 runtime ... 48% done[0m
[1A[K[1m[32mRunning 23 tests in 1 runtime ... 48% done[0m
[1A[K[1m[32mRunning 23 tests in 1 runtime ... 48% done[0m
[1A[K[1m[32mRunning 23 tests in 1 runtime ... 48% done[0m
[1A[K[1m[32m23 tests, 50 assertions, 1 runtime ... OK[0m
--------------------|-----------|-----------|-----------|-----------|
File                |   % Stmts |% Branches |   % Funcs |   % Lines |
--------------------|-----------|-----------|-----------|-----------|
   lib/             |       100 |       100 |       100 |       100 |
      buildlight.js |       100 |       100 |       100 |       100 |
   lib/drivers/     |       100 |       100 |       100 |       100 |
      usbled.js     |       100 |       100 |       100 |       100 |
--------------------|-----------|-----------|-----------|-----------|
All files           |       100 |       100 |       100 |       100 |
--------------------|-----------|-----------|-----------|-----------|


=============================== Coverage summary ===============================
Statements   : 100% ( 72/72 )
Branches     : 100% ( 24/24 )
Functions    : 100% ( 21/21 )
Lines        : 100% ( 72/72 )
================================================================================
